<?xml version="1.0" encoding="UTF-8"?>
<testsuite xmlns:xsi="http://www.w3.org/2001/XMLSchema-instance" xsi:noNamespaceSchemaLocation="https://maven.apache.org/surefire/maven-surefire-plugin/xsd/surefire-test-report-3.0.xsd" version="3.0" name="Web table user order feature" time="203.556" tests="12" errors="0" skipped="0" failures="5">
  <properties>
[...]
</properties>
  <testcase name="User should be able to place order and order seen in web table #1" classname="Web table user order feature" time="41.577">
    <system-err><![CDATA[Starting ChromeDriver 102.0.5005.61 (0e59bcc00cc4985ce39ad31c150065f159d95ad3-refs/branch-heads/5005@{#819}) on port 21037
Only local connections are allowed.
Please see https://chromedriver.chromium.org/security-considerations for suggestions on keeping ChromeDriver safe.
ChromeDriver was started successfully.
Haz 21, 2022 3:34:03 ÖS org.openqa.selenium.remote.ProtocolHandshake createSession
INFO: Detected dialect: W3C
Haz 21, 2022 3:34:26 ÖS org.openqa.selenium.os.OsProcess destroy
SEVERE: Unable to kill process Process[pid=10064, exitValue=1]
]]></system-err>
  </testcase>
  <testcase name="User should be able to place order and order seen in web table #2" classname="Web table user order feature" time="34.68">
    <system-err><![CDATA[Starting ChromeDriver 102.0.5005.61 (0e59bcc00cc4985ce39ad31c150065f159d95ad3-refs/branch-heads/5005@{#819}) on port 41064
Only local connections are allowed.
Please see https://chromedriver.chromium.org/security-considerations for suggestions on keeping ChromeDriver safe.
ChromeDriver was started successfully.
Haz 21, 2022 3:34:31 ÖS org.openqa.selenium.remote.ProtocolHandshake createSession
INFO: Detected dialect: W3C
]]></system-err>
  </testcase>
  <testcase name="User should be able to place order and order seen in web table #3" classname="Web table user order feature" time="25.465">
    <system-err><![CDATA[Starting ChromeDriver 102.0.5005.61 (0e59bcc00cc4985ce39ad31c150065f159d95ad3-refs/branch-heads/5005@{#819}) on port 45712
Only local connections are allowed.
Please see https://chromedriver.chromium.org/security-considerations for suggestions on keeping ChromeDriver safe.
ChromeDriver was started successfully.
Haz 21, 2022 3:35:06 ÖS org.openqa.selenium.remote.ProtocolHandshake createSession
INFO: Detected dialect: W3C
]]></system-err>
  </testcase>
  <testcase name="User should be able to place order and order seen in web table #4" classname="Web table user order feature" time="13.757">
    <system-err><![CDATA[Starting ChromeDriver 102.0.5005.61 (0e59bcc00cc4985ce39ad31c150065f159d95ad3-refs/branch-heads/5005@{#819}) on port 31424
Only local connections are allowed.
Please see https://chromedriver.chromium.org/security-considerations for suggestions on keeping ChromeDriver safe.
ChromeDriver was started successfully.
Haz 21, 2022 3:35:31 ÖS org.openqa.selenium.remote.ProtocolHandshake createSession
INFO: Detected dialect: W3C
]]></system-err>
  </testcase>
  <testcase name="User should be able to place order and order seen in web table #5" classname="Web table user order feature" time="15.011">
    <system-err><![CDATA[Starting ChromeDriver 102.0.5005.61 (0e59bcc00cc4985ce39ad31c150065f159d95ad3-refs/branch-heads/5005@{#819}) on port 36528
Only local connections are allowed.
Please see https://chromedriver.chromium.org/security-considerations for suggestions on keeping ChromeDriver safe.
ChromeDriver was started successfully.
Haz 21, 2022 3:35:44 ÖS org.openqa.selenium.remote.ProtocolHandshake createSession
INFO: Detected dialect: W3C
]]></system-err>
  </testcase>
  <testcase name="User should be able to place order and order seen in web table #6" classname="Web table user order feature" time="16.462">
    <system-err><![CDATA[Starting ChromeDriver 102.0.5005.61 (0e59bcc00cc4985ce39ad31c150065f159d95ad3-refs/branch-heads/5005@{#819}) on port 31291
Only local connections are allowed.
Please see https://chromedriver.chromium.org/security-considerations for suggestions on keeping ChromeDriver safe.
ChromeDriver was started successfully.
Haz 21, 2022 3:35:58 ÖS org.openqa.selenium.remote.ProtocolHandshake createSession
INFO: Detected dialect: W3C
]]></system-err>
  </testcase>
  <testcase name="User should be able to place order and order seen in web table #7" classname="Web table user order feature" time="16.221">
    <failure message="expected:&lt;[Marie Curie]&gt; but was:&lt;[Charles Darwin]&gt;" type="org.junit.ComparisonFailure"><![CDATA[org.junit.ComparisonFailure: expected:<[Marie Curie]> but was:<[Charles Darwin]>
	at org.junit.Assert.assertEquals(Assert.java:117)
	at org.junit.Assert.assertEquals(Assert.java:146)
	at com.cydeo.step_definitions.Order_StepDefinitions.user_should_see_in_first_row_of_the_web_table(Order_StepDefinitions.java:123)
	at ✽.user should see "Marie Curie" in first row of the web table(file:///C:/Users/Gebruiker/IdeaProjects/cydeo-cucumber-junit/src/test/resources/features/webtableOrder.feature:32)
]]></failure>
    <system-err><![CDATA[Starting ChromeDriver 102.0.5005.61 (0e59bcc00cc4985ce39ad31c150065f159d95ad3-refs/branch-heads/5005@{#819}) on port 3001
Only local connections are allowed.
Please see https://chromedriver.chromium.org/security-considerations for suggestions on keeping ChromeDriver safe.
ChromeDriver was started successfully.
Haz 21, 2022 3:36:14 ÖS org.openqa.selenium.remote.ProtocolHandshake createSession
INFO: Detected dialect: W3C
]]></system-err>
  </testcase>
  <testcase name="User should be able to place order and order seen in web table #8" classname="Web table user order feature" time="12.296">
    <failure message="expected:&lt;[Rosalind Frankl]in&gt; but was:&lt;[Albert Einste]in&gt;" type="org.junit.ComparisonFailure"><![CDATA[org.junit.ComparisonFailure: expected:<[Rosalind Frankl]in> but was:<[Albert Einste]in>
	at org.junit.Assert.assertEquals(Assert.java:117)
	at org.junit.Assert.assertEquals(Assert.java:146)
	at com.cydeo.step_definitions.Order_StepDefinitions.user_should_see_in_first_row_of_the_web_table(Order_StepDefinitions.java:123)
	at ✽.user should see "Rosalind Franklin" in first row of the web table(file:///C:/Users/Gebruiker/IdeaProjects/cydeo-cucumber-junit/src/test/resources/features/webtableOrder.feature:32)
]]></failure>
    <system-err><![CDATA[Starting ChromeDriver 102.0.5005.61 (0e59bcc00cc4985ce39ad31c150065f159d95ad3-refs/branch-heads/5005@{#819}) on port 47070
Only local connections are allowed.
Please see https://chromedriver.chromium.org/security-considerations for suggestions on keeping ChromeDriver safe.
ChromeDriver was started successfully.
Haz 21, 2022 3:36:33 ÖS org.openqa.selenium.remote.ProtocolHandshake createSession
INFO: Detected dialect: W3C
]]></system-err>
  </testcase>
  <testcase name="User should be able to place order and order seen in web table #9" classname="Web table user order feature" time="9.511">
    <failure message="expected:&lt;[List Meitner]&gt; but was:&lt;[CV Raman]&gt;" type="org.junit.ComparisonFailure"><![CDATA[org.junit.ComparisonFailure: expected:<[List Meitner]> but was:<[CV Raman]>
	at org.junit.Assert.assertEquals(Assert.java:117)
	at org.junit.Assert.assertEquals(Assert.java:146)
	at com.cydeo.step_definitions.Order_StepDefinitions.user_should_see_in_first_row_of_the_web_table(Order_StepDefinitions.java:123)
	at ✽.user should see "List Meitner" in first row of the web table(file:///C:/Users/Gebruiker/IdeaProjects/cydeo-cucumber-junit/src/test/resources/features/webtableOrder.feature:32)
]]></failure>
    <system-err><![CDATA[Starting ChromeDriver 102.0.5005.61 (0e59bcc00cc4985ce39ad31c150065f159d95ad3-refs/branch-heads/5005@{#819}) on port 17250
Only local connections are allowed.
Please see https://chromedriver.chromium.org/security-considerations for suggestions on keeping ChromeDriver safe.
ChromeDriver was started successfully.
Haz 21, 2022 3:36:42 ÖS org.openqa.selenium.remote.ProtocolHandshake createSession
INFO: Detected dialect: W3C
]]></system-err>
  </testcase>
  <testcase name="User should be able to place order and order seen in web table #10" classname="Web table user order feature" time="6.983">
    <failure message="expected:&lt;[Chien-Shiung wu]&gt; but was:&lt;[Galileo]&gt;" type="org.junit.ComparisonFailure"><![CDATA[org.junit.ComparisonFailure: expected:<[Chien-Shiung wu]> but was:<[Galileo]>
	at org.junit.Assert.assertEquals(Assert.java:117)
	at org.junit.Assert.assertEquals(Assert.java:146)
	at com.cydeo.step_definitions.Order_StepDefinitions.user_should_see_in_first_row_of_the_web_table(Order_StepDefinitions.java:123)
	at ✽.user should see "Chien-Shiung wu" in first row of the web table(file:///C:/Users/Gebruiker/IdeaProjects/cydeo-cucumber-junit/src/test/resources/features/webtableOrder.feature:32)
]]></failure>
    <system-err><![CDATA[Starting ChromeDriver 102.0.5005.61 (0e59bcc00cc4985ce39ad31c150065f159d95ad3-refs/branch-heads/5005@{#819}) on port 26739
Only local connections are allowed.
Please see https://chromedriver.chromium.org/security-considerations for suggestions on keeping ChromeDriver safe.
ChromeDriver was started successfully.
Haz 21, 2022 3:36:51 ÖS org.openqa.selenium.remote.ProtocolHandshake createSession
INFO: Detected dialect: W3C
]]></system-err>
  </testcase>
  <testcase name="User should be able to place order and order seen in web table #11" classname="Web table user order feature" time="5.501">
    <failure message="expected:&lt;[Barbara McClintock]&gt; but was:&lt;[Isaac Newton]&gt;" type="org.junit.ComparisonFailure"><![CDATA[org.junit.ComparisonFailure: expected:<[Barbara McClintock]> but was:<[Isaac Newton]>
	at org.junit.Assert.assertEquals(Assert.java:117)
	at org.junit.Assert.assertEquals(Assert.java:146)
	at com.cydeo.step_definitions.Order_StepDefinitions.user_should_see_in_first_row_of_the_web_table(Order_StepDefinitions.java:123)
	at ✽.user should see "Barbara McClintock" in first row of the web table(file:///C:/Users/Gebruiker/IdeaProjects/cydeo-cucumber-junit/src/test/resources/features/webtableOrder.feature:32)
]]></failure>
    <system-err><![CDATA[Starting ChromeDriver 102.0.5005.61 (0e59bcc00cc4985ce39ad31c150065f159d95ad3-refs/branch-heads/5005@{#819}) on port 43225
Only local connections are allowed.
Please see https://chromedriver.chromium.org/security-considerations for suggestions on keeping ChromeDriver safe.
ChromeDriver was started successfully.
Haz 21, 2022 3:36:58 ÖS org.openqa.selenium.remote.ProtocolHandshake createSession
INFO: Detected dialect: W3C
]]></system-err>
  </testcase>
  <testcase name="User should be able to place order and order seen in web table #12" classname="Web table user order feature" time="6.091">
    <system-err><![CDATA[Starting ChromeDriver 102.0.5005.61 (0e59bcc00cc4985ce39ad31c150065f159d95ad3-refs/branch-heads/5005@{#819}) on port 35182
Only local connections are allowed.
Please see https://chromedriver.chromium.org/security-considerations for suggestions on keeping ChromeDriver safe.
ChromeDriver was started successfully.
Haz 21, 2022 3:37:04 ÖS org.openqa.selenium.remote.ProtocolHandshake createSession
INFO: Detected dialect: W3C
]]></system-err>
  </testcase>
</testsuite>